161 0 1 2 3 4 5 6 7 8 9 10 11 12 13 14 15 16 17 18 19 20 21 22 23 24 25 26 27 28 29 30 31 32 33 34 35 36 37 38 39 40 41 42 43 44 45 46 47 48 49 50 51 52 53 54 56 57 58 59 60 61 62 63 64 65 66 71 72 73 74 76 77 78 79 80 81 82 83 85 87 90 92 93 94 195 196 197 198 199 200 201 202 203 204 205 206 207 208 209 210 211 212 213 214 215 216 217 218 219 220 221 222 223 224 225 226 227 228 229 230 231 232 233 234 235 236 237 238 239 240 241 242 243 244 245 246 247 248 249 250 251 252 253 254 255 256 257 258 259 260 261 262 263 264 265 266 267 268 269 270 271 
13869 13869 0
0 0 495 43 0 7 11 12 13 14 19 21 24 35 45 46 47 49 52 54 55 58 60 68 74 76 79 83 86 90 94 95 97 102 103 105 106 109 112 114 119 120 132 135 143 148 157 
1 0 46 6 1 66 77 116 130 140 
2 0 2 1 2 
3 9 0 1 4 
4 16 0 2 5 28 
5 0 5 1 6 
6 0 9 2 8 100 
7 0 41 2 9 38 
8 0 20 3 10 107 118 
9 24 0 2 15 69 
10 0 29 5 16 40 89 92 108 
11 16 0 1 17 
12 0 0 1 18 
13 9 0 3 20 36 147 
14 0 62 1 22 
15 0 20 2 23 80 
16 44 0 2 25 70 
17 9 0 1 26 
18 16 0 1 27 
19 16 0 1 29 
20 1 0 1 30 
21 314 0 2 32 153 
22 0 92 2 34 151 
23 0 6 1 39 
24 0 18 2 44 85 
25 0 8 2 48 111 
26 0 14 1 50 
27 0 4 2 53 64 
28 417 0 1 56 
29 0 0 1 57 
30 2 0 1 59 
31 0 12 2 62 136 
32 0 7 2 65 122 
33 1 0 1 67 
34 0 5 1 71 
35 27 0 1 72 
36 1 0 1 73 
37 0 401 2 78 121 
38 0 8 1 87 
39 0 6 1 88 
40 14 0 1 91 
41 22 0 1 93 
42 0 23 2 98 138 
43 0 371 2 99 146 
44 0 5 1 101 
45 1 0 1 104 
46 49 0 1 117 
47 0 34 2 123 125 
48 54 0 1 124 
49 0 16 1 126 
50 0 2 1 127 
51 0 14 1 129 
52 0 54 1 131 
53 5 0 1 82 
54 0 0 1 133 
55 0 0 1 134 
56 0 5 1 137 
57 0 0 1 31 
58 0 5 1 139 
59 9 0 1 141 
60 0 2 1 142 
61 0 27 1 144 
62 114 0 1 145 
63 9 0 1 149 
64 0 88 1 150 
65 12 0 1 155 
66 1 0 1 156 
67 0 0 1 81 
68 18 0 0 
69 13 0 0 
70 18 0 0 
71 13 0 0 
72 0 2 1 128 
73 13 0 0 
74 0 2 1 113 
75 13 0 0 
76 0 0 1 3 
77 0 0 1 154 
78 0 0 1 110 
79 0 0 1 115 
80 0 0 1 33 
81 27 0 0 
82 20 0 0 
83 0 0 1 41 
84 0 9 2 37 42 
85 20 0 0 
86 5 0 1 43 
87 18 0 0 
88 13 0 0 
89 13 0 0 
90 13 0 0 
91 13 0 0 
92 0 0 1 152 
93 12 0 0 
94 12 0 0 
95 0 0 1 51 
96 13 0 0 
97 13 0 0 
98 13 0 0 
99 13 0 0 
100 18 0 0 
101 18 0 0 
102 0 0 1 96 
103 0 0 1 63 
104 0 0 1 61 
105 18 0 0 
106 0 0 1 84 
107 18 0 0 
108 4 0 0 
109 18 0 0 
110 4 0 0 
111 18 0 0 
112 18 0 0 
113 0 2 1 75 
114 18 0 0 
115 13 0 0 
116 18 0 0 
117 13 0 0 
118 18 0 0 
119 13 0 0 
120 18 0 0 
121 13 0 0 
122 36 0 0 
123 18 0 0 
124 40 0 0 
125 18 0 0 
126 13 0 0 
127 36 0 0 
128 27 0 0 
129 14 0 0 
130 30 0 0 
131 757080096 0 0 
