39 0 1 2 3 4 5 6 7 8 10 11 12 13 14 17 64 65 66 67 68 69 70 71 72 73 74 75 76 77 78 79 80 81 82 83 84 85 86 87 
189.000000 56.000000 -133.000000
0 9.000000 0 1 0 
1 4.500000 0 1 1 
2 0 -0.000000 1 3 
3 6.750000 0 1 5 
4 0 0.500000 1 13 
5 0 5.000000 1 27 
6 0 5.000000 1 28 
7 0 7.250000 1 31 
8 0 0.500000 1 34 
9 2.000000 0 1 6 
10 6.500000 0 1 7 
11 2.000000 0 1 8 
12 2.000000 0 1 9 
13 0 5.000000 1 29 
14 0 7.250000 1 32 
15 0 0.500000 1 36 
16 0 5.000000 1 37 
17 0 7.250000 1 40 
18 0 0.500000 1 41 
19 4.500000 0 1 12 
20 0 -0.000000 1 14 
21 0 -0.000000 1 17 
22 0 0.500000 1 42 
23 0 0.500000 1 43 
24 0 0.500000 1 47 
25 0 2.250000 1 18 
26 9.750000 0 1 10 
27 0 -0.000000 1 19 
28 0 0.500000 1 30 
29 0 -0.000000 1 20 
30 0 5.000000 1 33 
31 0 0.500000 1 35 
32 0 7.250000 1 38 
33 0 0.250000 1 11 
34 0 0.250000 1 4 
35 0 7.000000 1 15 
36 0 0.250000 1 16 
37 0 -0.000000 1 21 
38 0 0.500000 1 39 
39 0 7.250000 1 45 
40 0 5.000000 1 46 
41 0 5.000000 1 48 
42 0 5.000000 1 49 
43 0 14.000000 1 50 
44 0 5.000000 1 51 
45 0 0.500000 1 52 
46 0 -0.000000 1 22 
47 4.500000 0 1 23 
48 4.500000 0 1 24 
49 0 -0.000000 1 25 
50 0 2.250000 1 2 
51 0 5.000000 1 44 
52 0 5.000000 1 53 
53 0 5.000000 1 54 
54 0 -0.000000 1 26 
55 0 5.000000 1 55 
